app/build/intermediates/manifest_merge_blame_file/debug/processDebugMainManifest/manifest-merger-blame-debug-report.txt
1<?xml version="1.0" encoding="utf-8"?>
2<manifest xmlns:android="http://schemas.android.com/apk/res/android"
3    package="net.ripster.mobile"
4    android:versionCode="24"
5    android:versionName="0.29" >
6
7    <uses-sdk
8        android:minSdkVersion="26"
9        android:targetSdkVersion="34" />
10
11    <uses-permission android:name="android.permission.INTERNET" />
11-->src\main\AndroidManifest.xml:5:5-67
11-->src\main\AndroidManifest.xml:5:22-64
12    <uses-permission android:name="android.permission.ACCESS_NETWORK_STATE" />
12-->src\main\AndroidManifest.xml:6:5-79
12-->src\main\AndroidManifest.xml:6:22-76
13    <!-- mDNS-обнаружение колонок Яндекса (_yandexio._tcp). -->
14    <uses-permission android:name="android.permission.CHANGE_WIFI_MULTICAST_STATE" />
14-->src\main\AndroidManifest.xml:8:5-86
14-->src\main\AndroidManifest.xml:8:22-83
15    <uses-permission android:name="android.permission.ACCESS_WIFI_STATE" />
15-->src\main\AndroidManifest.xml:9:5-76
15-->src\main\AndroidManifest.xml:9:22-73
16    <!-- Загрузка не должна умирать со сворачиванием приложения. -->
17    <uses-permission android:name="android.permission.FOREGROUND_SERVICE" />
17-->src\main\AndroidManifest.xml:11:5-77
17-->src\main\AndroidManifest.xml:11:22-74
18    <uses-permission android:name="android.permission.FOREGROUND_SERVICE_DATA_SYNC" />
18-->src\main\AndroidManifest.xml:12:5-87
18-->src\main\AndroidManifest.xml:12:22-84
19    <uses-permission android:name="android.permission.FOREGROUND_SERVICE_MEDIA_PLAYBACK" />
19-->src\main\AndroidManifest.xml:13:5-92
19-->src\main\AndroidManifest.xml:13:22-89
20    <uses-permission android:name="android.permission.POST_NOTIFICATIONS" />
20-->src\main\AndroidManifest.xml:14:5-77
20-->src\main\AndroidManifest.xml:14:22-74
21    <!-- Эквалайзер / бас-буст / виртуализатор поверх плеера. -->
22    <uses-permission android:name="android.permission.MODIFY_AUDIO_SETTINGS" />
22-->src\main\AndroidManifest.xml:16:5-80
22-->src\main\AndroidManifest.xml:16:22-77
23    <!--
24         Чтение уже существующей музыки с телефона: рекурсивный скан выбранной
25         папки + подхват локальной библиотеки. API 33+ — гранулярный
26         READ_MEDIA_AUDIO; ≤32 — READ_EXTERNAL_STORAGE (maxSdk 32).
27    -->
28    <uses-permission android:name="android.permission.READ_MEDIA_AUDIO" />
28-->src\main\AndroidManifest.xml:20:5-75
28-->src\main\AndroidManifest.xml:20:22-72
29    <uses-permission
29-->src\main\AndroidManifest.xml:21:5-22:38
30        android:name="android.permission.READ_EXTERNAL_STORAGE"
30-->src\main\AndroidManifest.xml:21:22-77
31        android:maxSdkVersion="32" />
31-->src\main\AndroidManifest.xml:22:9-35
32    <!-- Держим CPU при длинной фоновой загрузке/конвертации. -->
33    <uses-permission android:name="android.permission.WAKE_LOCK" />
33-->src\main\AndroidManifest.xml:24:5-68
33-->src\main\AndroidManifest.xml:24:22-65
34    <uses-permission android:name="android.permission.RECEIVE_BOOT_COMPLETED" />
34-->[androidx.work:work-runtime:2.9.1] AndroidManifest.xml:25:5-81
34-->[androidx.work:work-runtime:2.9.1] AndroidManifest.xml:25:22-78
35
36    <permission
36-->[androidx.core:core:1.13.1] AndroidManifest.xml:22:5-24:47
37        android:name="net.ripster.mobile.DYNAMIC_RECEIVER_NOT_EXPORTED_PERMISSION"
37-->[androidx.core:core:1.13.1] AndroidManifest.xml:23:9-81
38        android:protectionLevel="signature" />
38-->[androidx.core:core:1.13.1] AndroidManifest.xml:24:9-44
39
40    <uses-permission android:name="net.ripster.mobile.DYNAMIC_RECEIVER_NOT_EXPORTED_PERMISSION" />
40-->[androidx.core:core:1.13.1] AndroidManifest.xml:26:5-97
40-->[androidx.core:core:1.13.1] AndroidManifest.xml:26:22-94
41
42    <application
42-->src\main\AndroidManifest.xml:26:5-66:19
43        android:name="net.ripster.mobile.RipsterApp"
43-->src\main\AndroidManifest.xml:27:9-35
44        android:appComponentFactory="androidx.core.app.CoreComponentFactory"
44-->[androidx.core:core:1.13.1] AndroidManifest.xml:28:18-86
45        android:debuggable="true"
46        android:extractNativeLibs="false"
47        android:hardwareAccelerated="true"
47-->src\main\AndroidManifest.xml:32:9-43
48        android:icon="@mipmap/ic_launcher"
48-->src\main\AndroidManifest.xml:29:9-43
49        android:label="Ripster"
49-->src\main\AndroidManifest.xml:28:9-32
50        android:largeHeap="true"
50-->src\main\AndroidManifest.xml:33:9-33
51        android:networkSecurityConfig="@xml/network_security_config"
51-->src\main\AndroidManifest.xml:34:9-69
52        android:roundIcon="@mipmap/ic_launcher_round"
52-->src\main\AndroidManifest.xml:30:9-54
53        android:supportsRtl="true"
53-->src\main\AndroidManifest.xml:31:9-35
54        android:theme="@style/Theme.RipsterBoot" >
54-->src\main\AndroidManifest.xml:35:9-49
55        <activity
55-->src\main\AndroidManifest.xml:36:9-43:20
56            android:name="net.ripster.mobile.MainActivity"
56-->src\main\AndroidManifest.xml:37:13-41
57            android:exported="true" >
57-->src\main\AndroidManifest.xml:38:13-36
58            <intent-filter>
58-->src\main\AndroidManifest.xml:39:13-42:29
59                <action android:name="android.intent.action.MAIN" />
59-->src\main\AndroidManifest.xml:40:17-69
59-->src\main\AndroidManifest.xml:40:25-66
60
61                <category android:name="android.intent.category.LAUNCHER" />
61-->src\main\AndroidManifest.xml:41:17-77
61-->src\main\AndroidManifest.xml:41:27-74
62            </intent-filter>
63        </activity>
64
65        <!-- Окно входа в сервис (WebView) — без DevTools и копипаста токенов. -->
66        <activity
66-->src\main\AndroidManifest.xml:46:9-49:77
67            android:name="net.ripster.mobile.ui.login.LoginWebViewActivity"
67-->src\main\AndroidManifest.xml:47:13-58
68            android:configChanges="orientation|screenSize|keyboardHidden"
68-->src\main\AndroidManifest.xml:49:13-74
69            android:exported="false" />
69-->src\main\AndroidManifest.xml:48:13-37
70
71        <!-- API 34+ требует явный тип у foreground-сервиса WorkManager. -->
72        <service
72-->src\main\AndroidManifest.xml:52:9-55:34
73            android:name="androidx.work.impl.foreground.SystemForegroundService"
73-->src\main\AndroidManifest.xml:53:13-81
74            android:directBootAware="false"
74-->[androidx.work:work-runtime:2.9.1] AndroidManifest.xml:55:13-44
75            android:enabled="@bool/enable_system_foreground_service_default"
75-->[androidx.work:work-runtime:2.9.1] AndroidManifest.xml:56:13-77
76            android:exported="false"
76-->[androidx.work:work-runtime:2.9.1] AndroidManifest.xml:57:13-37
77            android:foregroundServiceType="dataSync" />
77-->src\main\AndroidManifest.xml:54:13-53
78
79        <!-- Аудиоплеер (Media3 MediaSessionService). -->
80        <service
80-->src\main\AndroidManifest.xml:58:9-65:19
81            android:name="net.ripster.mobile.player.PlaybackService"
81-->src\main\AndroidManifest.xml:59:13-51
82            android:exported="true"
82-->src\main\AndroidManifest.xml:60:13-36
83            android:foregroundServiceType="mediaPlayback" >
83-->src\main\AndroidManifest.xml:61:13-58
84            <intent-filter>
84-->src\main\AndroidManifest.xml:62:13-64:29
85                <action android:name="androidx.media3.session.MediaSessionService" />
85-->src\main\AndroidManifest.xml:63:17-86
85-->src\main\AndroidManifest.xml:63:25-83
86            </intent-filter>
87        </service>
88
89        <activity
89-->[androidx.compose.ui:ui-tooling-android:1.7.3] AndroidManifest.xml:23:9-25:39
90            android:name="androidx.compose.ui.tooling.PreviewActivity"
90-->[androidx.compose.ui:ui-tooling-android:1.7.3] AndroidManifest.xml:24:13-71
91            android:exported="true" />
91-->[androidx.compose.ui:ui-tooling-android:1.7.3] AndroidManifest.xml:25:13-36
92
93        <provider
93-->[androidx.work:work-runtime:2.9.1] AndroidManifest.xml:29:9-37:20
94            android:name="androidx.startup.InitializationProvider"
94-->[androidx.work:work-runtime:2.9.1] AndroidManifest.xml:30:13-67
95            android:authorities="net.ripster.mobile.androidx-startup"
95-->[androidx.work:work-runtime:2.9.1] AndroidManifest.xml:31:13-68
96            android:exported="false" >
96-->[androidx.work:work-runtime:2.9.1] AndroidManifest.xml:32:13-37
97            <meta-data
97-->[androidx.work:work-runtime:2.9.1] AndroidManifest.xml:34:13-36:52
98                android:name="androidx.work.WorkManagerInitializer"
98-->[androidx.work:work-runtime:2.9.1] AndroidManifest.xml:35:17-68
99                android:value="androidx.startup" />
99-->[androidx.work:work-runtime:2.9.1] AndroidManifest.xml:36:17-49
100            <meta-data
100-->[androidx.emoji2:emoji2:1.3.0] AndroidManifest.xml:29:13-31:52
101                android:name="androidx.emoji2.text.EmojiCompatInitializer"
101-->[androidx.emoji2:emoji2:1.3.0] AndroidManifest.xml:30:17-75
102                android:value="androidx.startup" />
102-->[androidx.emoji2:emoji2:1.3.0] AndroidManifest.xml:31:17-49
103            <meta-data
103-->[androidx.lifecycle:lifecycle-process:2.8.3] AndroidManifest.xml:29:13-31:52
104                android:name="androidx.lifecycle.ProcessLifecycleInitializer"
104-->[androidx.lifecycle:lifecycle-process:2.8.3] AndroidManifest.xml:30:17-78
105                android:value="androidx.startup" />
105-->[androidx.lifecycle:lifecycle-process:2.8.3] AndroidManifest.xml:31:17-49
106            <meta-data
106-->[androidx.profileinstaller:profileinstaller:1.3.1] AndroidManifest.xml:29:13-31:52
107                android:name="androidx.profileinstaller.ProfileInstallerInitializer"
107-->[androidx.profileinstaller:profileinstaller:1.3.1] AndroidManifest.xml:30:17-85
108                android:value="androidx.startup" />
108-->[androidx.profileinstaller:profileinstaller:1.3.1] AndroidManifest.xml:31:17-49
109        </provider>
110
111        <service
111-->[androidx.work:work-runtime:2.9.1] AndroidManifest.xml:39:9-45:35
112            android:name="androidx.work.impl.background.systemalarm.SystemAlarmService"
112-->[androidx.work:work-runtime:2.9.1] AndroidManifest.xml:40:13-88
113            android:directBootAware="false"
113-->[androidx.work:work-runtime:2.9.1] AndroidManifest.xml:41:13-44
114            android:enabled="@bool/enable_system_alarm_service_default"
114-->[androidx.work:work-runtime:2.9.1] AndroidManifest.xml:42:13-72
115            android:exported="false" />
115-->[androidx.work:work-runtime:2.9.1] AndroidManifest.xml:43:13-37
116        <service
116-->[androidx.work:work-runtime:2.9.1] AndroidManifest.xml:46:9-52:35
117            android:name="androidx.work.impl.background.systemjob.SystemJobService"
117-->[androidx.work:work-runtime:2.9.1] AndroidManifest.xml:47:13-84
118            android:directBootAware="false"
118-->[androidx.work:work-runtime:2.9.1] AndroidManifest.xml:48:13-44
119            android:enabled="@bool/enable_system_job_service_default"
119-->[androidx.work:work-runtime:2.9.1] AndroidManifest.xml:49:13-70
120            android:exported="true"
120-->[androidx.work:work-runtime:2.9.1] AndroidManifest.xml:50:13-36
121            android:permission="android.permission.BIND_JOB_SERVICE" />
121-->[androidx.work:work-runtime:2.9.1] AndroidManifest.xml:51:13-69
122
123        <receiver
123-->[androidx.work:work-runtime:2.9.1] AndroidManifest.xml:61:9-66:35
124            android:name="androidx.work.impl.utils.ForceStopRunnable$BroadcastReceiver"
124-->[androidx.work:work-runtime:2.9.1] AndroidManifest.xml:62:13-88
125            android:directBootAware="false"
125-->[androidx.work:work-runtime:2.9.1] AndroidManifest.xml:63:13-44
126            android:enabled="true"
126-->[androidx.work:work-runtime:2.9.1] AndroidManifest.xml:64:13-35
127            android:exported="false" />
127-->[androidx.work:work-runtime:2.9.1] AndroidManifest.xml:65:13-37
128        <receiver
128-->[androidx.work:work-runtime:2.9.1] AndroidManifest.xml:67:9-77:20
129            android:name="androidx.work.impl.background.systemalarm.ConstraintProxy$BatteryChargingProxy"
129-->[androidx.work:work-runtime:2.9.1] AndroidManifest.xml:68:13-106
130            android:directBootAware="false"
130-->[androidx.work:work-runtime:2.9.1] AndroidManifest.xml:69:13-44
131            android:enabled="false"
131-->[androidx.work:work-runtime:2.9.1] AndroidManifest.xml:70:13-36
132            android:exported="false" >
132-->[androidx.work:work-runtime:2.9.1] AndroidManifest.xml:71:13-37
133            <intent-filter>
133-->[androidx.work:work-runtime:2.9.1] AndroidManifest.xml:73:13-76:29
134                <action android:name="android.intent.action.ACTION_POWER_CONNECTED" />
134-->[androidx.work:work-runtime:2.9.1] AndroidManifest.xml:74:17-87
134-->[androidx.work:work-runtime:2.9.1] AndroidManifest.xml:74:25-84
135                <action android:name="android.intent.action.ACTION_POWER_DISCONNECTED" />
135-->[androidx.work:work-runtime:2.9.1] AndroidManifest.xml:75:17-90
135-->[androidx.work:work-runtime:2.9.1] AndroidManifest.xml:75:25-87
136            </intent-filter>
137        </receiver>
138        <receiver
138-->[androidx.work:work-runtime:2.9.1] AndroidManifest.xml:78:9-88:20
139            android:name="androidx.work.impl.background.systemalarm.ConstraintProxy$BatteryNotLowProxy"
139-->[androidx.work:work-runtime:2.9.1] AndroidManifest.xml:79:13-104
140            android:directBootAware="false"
140-->[androidx.work:work-runtime:2.9.1] AndroidManifest.xml:80:13-44
141            android:enabled="false"
141-->[androidx.work:work-runtime:2.9.1] AndroidManifest.xml:81:13-36
142            android:exported="false" >
142-->[androidx.work:work-runtime:2.9.1] AndroidManifest.xml:82:13-37
143            <intent-filter>
143-->[androidx.work:work-runtime:2.9.1] AndroidManifest.xml:84:13-87:29
144                <action android:name="android.intent.action.BATTERY_OKAY" />
144-->[androidx.work:work-runtime:2.9.1] AndroidManifest.xml:85:17-77
144-->[androidx.work:work-runtime:2.9.1] AndroidManifest.xml:85:25-74
145                <action android:name="android.intent.action.BATTERY_LOW" />
145-->[androidx.work:work-runtime:2.9.1] AndroidManifest.xml:86:17-76
145-->[androidx.work:work-runtime:2.9.1] AndroidManifest.xml:86:25-73
146            </intent-filter>
147        </receiver>
148        <receiver
148-->[androidx.work:work-runtime:2.9.1] AndroidManifest.xml:89:9-99:20
149            android:name="androidx.work.impl.background.systemalarm.ConstraintProxy$StorageNotLowProxy"
149-->[androidx.work:work-runtime:2.9.1] AndroidManifest.xml:90:13-104
150            android:directBootAware="false"
150-->[androidx.work:work-runtime:2.9.1] AndroidManifest.xml:91:13-44
151            android:enabled="false"
151-->[androidx.work:work-runtime:2.9.1] AndroidManifest.xml:92:13-36
152            android:exported="false" >
152-->[androidx.work:work-runtime:2.9.1] AndroidManifest.xml:93:13-37
153            <intent-filter>
153-->[androidx.work:work-runtime:2.9.1] AndroidManifest.xml:95:13-98:29
154                <action android:name="android.intent.action.DEVICE_STORAGE_LOW" />
154-->[androidx.work:work-runtime:2.9.1] AndroidManifest.xml:96:17-83
154-->[androidx.work:work-runtime:2.9.1] AndroidManifest.xml:96:25-80
155                <action android:name="android.intent.action.DEVICE_STORAGE_OK" />
155-->[androidx.work:work-runtime:2.9.1] AndroidManifest.xml:97:17-82
155-->[androidx.work:work-runtime:2.9.1] AndroidManifest.xml:97:25-79
156            </intent-filter>
157        </receiver>
158        <receiver
158-->[androidx.work:work-runtime:2.9.1] AndroidManifest.xml:100:9-109:20
159            android:name="androidx.work.impl.background.systemalarm.ConstraintProxy$NetworkStateProxy"
159-->[androidx.work:work-runtime:2.9.1] AndroidManifest.xml:101:13-103
160            android:directBootAware="false"
160-->[androidx.work:work-runtime:2.9.1] AndroidManifest.xml:102:13-44
161            android:enabled="false"
161-->[androidx.work:work-runtime:2.9.1] AndroidManifest.xml:103:13-36
162            android:exported="false" >
162-->[androidx.work:work-runtime:2.9.1] AndroidManifest.xml:104:13-37
163            <intent-filter>
163-->[androidx.work:work-runtime:2.9.1] AndroidManifest.xml:106:13-108:29
164                <action android:name="android.net.conn.CONNECTIVITY_CHANGE" />
164-->[androidx.work:work-runtime:2.9.1] AndroidManifest.xml:107:17-79
164-->[androidx.work:work-runtime:2.9.1] AndroidManifest.xml:107:25-76
165            </intent-filter>
166        </receiver>
167        <receiver
167-->[androidx.work:work-runtime:2.9.1] AndroidManifest.xml:110:9-121:20
168            android:name="androidx.work.impl.background.systemalarm.RescheduleReceiver"
168-->[androidx.work:work-runtime:2.9.1] AndroidManifest.xml:111:13-88
169            android:directBootAware="false"
169-->[androidx.work:work-runtime:2.9.1] AndroidManifest.xml:112:13-44
170            android:enabled="false"
170-->[androidx.work:work-runtime:2.9.1] AndroidManifest.xml:113:13-36
171            android:exported="false" >
171-->[androidx.work:work-runtime:2.9.1] AndroidManifest.xml:114:13-37
172            <intent-filter>
172-->[androidx.work:work-runtime:2.9.1] AndroidManifest.xml:116:13-120:29
173                <action android:name="android.intent.action.BOOT_COMPLETED" />
173-->[androidx.work:work-runtime:2.9.1] AndroidManifest.xml:117:17-79
173-->[androidx.work:work-runtime:2.9.1] AndroidManifest.xml:117:25-76
174                <action android:name="android.intent.action.TIME_SET" />
174-->[androidx.work:work-runtime:2.9.1] AndroidManifest.xml:118:17-73
174-->[androidx.work:work-runtime:2.9.1] AndroidManifest.xml:118:25-70
175                <action android:name="android.intent.action.TIMEZONE_CHANGED" />
175-->[androidx.work:work-runtime:2.9.1] AndroidManifest.xml:119:17-81
175-->[androidx.work:work-runtime:2.9.1] AndroidManifest.xml:119:25-78
176            </intent-filter>
177        </receiver>
178        <receiver
178-->[androidx.work:work-runtime:2.9.1] AndroidManifest.xml:122:9-131:20
179            android:name="androidx.work.impl.background.systemalarm.ConstraintProxyUpdateReceiver"
179-->[androidx.work:work-runtime:2.9.1] AndroidManifest.xml:123:13-99
180            android:directBootAware="false"
180-->[androidx.work:work-runtime:2.9.1] AndroidManifest.xml:124:13-44
181            android:enabled="@bool/enable_system_alarm_service_default"
181-->[androidx.work:work-runtime:2.9.1] AndroidManifest.xml:125:13-72
182            android:exported="false" >
182-->[androidx.work:work-runtime:2.9.1] AndroidManifest.xml:126:13-37
183            <intent-filter>
183-->[androidx.work:work-runtime:2.9.1] AndroidManifest.xml:128:13-130:29
184                <action android:name="androidx.work.impl.background.systemalarm.UpdateProxies" />
184-->[androidx.work:work-runtime:2.9.1] AndroidManifest.xml:129:17-98
184-->[androidx.work:work-runtime:2.9.1] AndroidManifest.xml:129:25-95
185            </intent-filter>
186        </receiver>
187        <receiver
187-->[androidx.work:work-runtime:2.9.1] AndroidManifest.xml:132:9-142:20
188            android:name="androidx.work.impl.diagnostics.DiagnosticsReceiver"
188-->[androidx.work:work-runtime:2.9.1] AndroidManifest.xml:133:13-78
189            android:directBootAware="false"
189-->[androidx.work:work-runtime:2.9.1] AndroidManifest.xml:134:13-44
190            android:enabled="true"
190-->[androidx.work:work-runtime:2.9.1] AndroidManifest.xml:135:13-35
191            android:exported="true"
191-->[androidx.work:work-runtime:2.9.1] AndroidManifest.xml:136:13-36
192            android:permission="android.permission.DUMP" >
192-->[androidx.work:work-runtime:2.9.1] AndroidManifest.xml:137:13-57
193            <intent-filter>
193-->[androidx.work:work-runtime:2.9.1] AndroidManifest.xml:139:13-141:29
194                <action android:name="androidx.work.diagnostics.REQUEST_DIAGNOSTICS" />
194-->[androidx.work:work-runtime:2.9.1] AndroidManifest.xml:140:17-88
194-->[androidx.work:work-runtime:2.9.1] AndroidManifest.xml:140:25-85
195            </intent-filter>
196        </receiver>
197
198        <service
198-->[androidx.room:room-runtime:2.6.1] AndroidManifest.xml:24:9-28:63
199            android:name="androidx.room.MultiInstanceInvalidationService"
199-->[androidx.room:room-runtime:2.6.1] AndroidManifest.xml:25:13-74
200            android:directBootAware="true"
200-->[androidx.room:room-runtime:2.6.1] AndroidManifest.xml:26:13-43
201            android:exported="false" />
201-->[androidx.room:room-runtime:2.6.1] AndroidManifest.xml:27:13-37
202
203        <receiver
203-->[androidx.profileinstaller:profileinstaller:1.3.1] AndroidManifest.xml:34:9-52:20
204            android:name="androidx.profileinstaller.ProfileInstallReceiver"
204-->[androidx.profileinstaller:profileinstaller:1.3.1] AndroidManifest.xml:35:13-76
205            android:directBootAware="false"
205-->[androidx.profileinstaller:profileinstaller:1.3.1] AndroidManifest.xml:36:13-44
206            android:enabled="true"
206-->[androidx.profileinstaller:profileinstaller:1.3.1] AndroidManifest.xml:37:13-35
207            android:exported="true"
207-->[androidx.profileinstaller:profileinstaller:1.3.1] AndroidManifest.xml:38:13-36
208            android:permission="android.permission.DUMP" >
208-->[androidx.profileinstaller:profileinstaller:1.3.1] AndroidManifest.xml:39:13-57
209            <intent-filter>
209-->[androidx.profileinstaller:profileinstaller:1.3.1] AndroidManifest.xml:40:13-42:29
210                <action android:name="androidx.profileinstaller.action.INSTALL_PROFILE" />
210-->[androidx.profileinstaller:profileinstaller:1.3.1] AndroidManifest.xml:41:17-91
210-->[androidx.profileinstaller:profileinstaller:1.3.1] AndroidManifest.xml:41:25-88
211            </intent-filter>
212            <intent-filter>
212-->[androidx.profileinstaller:profileinstaller:1.3.1] AndroidManifest.xml:43:13-45:29
213                <action android:name="androidx.profileinstaller.action.SKIP_FILE" />
213-->[androidx.profileinstaller:profileinstaller:1.3.1] AndroidManifest.xml:44:17-85
213-->[androidx.profileinstaller:profileinstaller:1.3.1] AndroidManifest.xml:44:25-82
214            </intent-filter>
215            <intent-filter>
215-->[androidx.profileinstaller:profileinstaller:1.3.1] AndroidManifest.xml:46:13-48:29
216                <action android:name="androidx.profileinstaller.action.SAVE_PROFILE" />
216-->[androidx.profileinstaller:profileinstaller:1.3.1] AndroidManifest.xml:47:17-88
216-->[androidx.profileinstaller:profileinstaller:1.3.1] AndroidManifest.xml:47:25-85
217            </intent-filter>
218            <intent-filter>
218-->[androidx.profileinstaller:profileinstaller:1.3.1] AndroidManifest.xml:49:13-51:29
219                <action android:name="androidx.profileinstaller.action.BENCHMARK_OPERATION" />
219-->[androidx.profileinstaller:profileinstaller:1.3.1] AndroidManifest.xml:50:17-95
219-->[androidx.profileinstaller:profileinstaller:1.3.1] AndroidManifest.xml:50:25-92
220            </intent-filter>
221        </receiver>
222    </application>
223
224</manifest>